
> saas-billing-next@0.1.0 build
> next build

 ⚠ Warning: Next.js inferred your workspace root, but it may not be correct.
 We detected multiple lockfiles and selected the directory of C:\Users\User\package-lock.json as the root directory.
 To silence this warning, set `turbopack.root` in your Next.js config, or consider removing one of the lockfiles if it's not needed.
   See https://nextjs.org/docs/app/api-reference/config/next-config-js/turbopack#root-directory for more information.
 Detected additional lockfiles: 
   * C:\Users\User\Desktop\portfolio projects\SAAS subscription Billing system - Copy\frontend\saas-billing-next\package-lock.json

   ▲ Next.js 16.0.7 (Turbopack)
   - Environments: .env
   - Experiments (use with caution):
     ✓ turbopackFileSystemCacheForDev
     ✓ useCache

   Creating an optimized production build ...

<--- Last few GCs --->

[24832:0000021956868000]     1173 ms: Scavenge 61.7 (81.1) -> 52.3 (83.5) MB, pooled: 0 MB, 1.23 / 0.01 ms  (average mu = 0.993, current mu = 0.993) task; 
[24832:0000021956868000]     8868 ms: Mark-Compact (reduce) 56.3 (84.3) -> 50.7 (54.6) MB, pooled: 0 MB, 9.64 / 0.08 ms  (+ 7.2 ms in 0 steps since start of marking, biggest step 0.0 ms, walltime since start of marking 18 ms) (average mu = 0.998, current 

<--- JS stacktrace --->

FATAL ERROR: Committing semi space failed. Allocation failed - JavaScript heap out of memory
----- Native stack trace -----

 1: 00007FF6438F7487 node::SetCppgcReference+16583
 2: 00007FF64385B1B8 v8::base::CPU::num_virtual_address_bits+103032
 3: 00007FF6443CC011 v8::Isolate::ReportExternalAllocationLimitReached+65
 4: 00007FF6443B8B96 v8::Function::Experimental_IsNopFunction+3302
 5: 00007FF6442154E0 v8::internal::StrongRootAllocatorBase::StrongRootAllocatorBase+33904
 6: 00007FF6441CD13D v8::PrimitiveArray::Length+130749
 7: 00007FF64421E723 v8::internal::StrongRootAllocatorBase::StrongRootAllocatorBase+71347
 8: 00007FF64420E5AD v8::internal::StrongRootAllocatorBase::StrongRootAllocatorBase+5437
 9: 00007FF64420A165 v8::CpuProfileNode::GetScriptResourceNameStr+190613
10: 00007FF643B93DCD BIO_ssl_shutdown+189
